HandleOp: Start发现不是Leader
HandleOp: Start发现不是Leader
HandleOp: identifier 4026777317793987247 Seq 2 请求: Join, Shard=0) 操作前的config[0].Shards=[0 0 0 0 0 0 0 0 0 0]
HandleOp: identifier 4026777317793987247 Seq 2 请求: Join, Shard=0) 操作后的config[1].Shards=[1 2 1 2 1 2 1 2 1 2]
HandleOp: identifier 4026777317793987247 Seq 5 请求: Join, Shard=0) 操作前的config[1].Shards=[1 2 1 2 1 2 1 2 1 2]
HandleOp: identifier 4026777317793987247 Seq 5 请求: Join, Shard=0) 操作后的config[2].Shards=[1 2 3 1 2 3 1 2 3 1]
HandleOp: identifier 4026777317793987247 Seq 9 请求: Leave, Shard=0) 操作前的config[2].Shards=[1 2 3 1 2 3 1 2 3 1]
HandleOp: identifier 4026777317793987247 Seq 9 请求: Leave, Shard=0) 操作后的config[3].Shards=[2 2 2 2 2 2 2 2 2 2]
HandleOp: Start发现不是Leader
HandleOp: Start发现不是Leader
HandleOp: identifier 4026777317793987247 Seq 13 请求: Leave, Shard=0) 操作前的config[3].Shards=[2 2 2 2 2 2 2 2 2 2]
HandleOp: identifier 4026777317793987247 Seq 13 请求: Leave, Shard=0) 操作后的config[4].Shards=[0 0 0 0 0 0 0 0 0 0]
HandleOp: identifier 3669471440158808863 Seq 0 请求: Join, Shard=0) 操作前的config[4].Shards=[0 0 0 0 0 0 0 0 0 0]
HandleOp: identifier 3669471440158808863 Seq 0 请求: Join, Shard=0) 操作后的config[5].Shards=[3009 1009 2009 3009 1009 2009 3009 1009 2009 3009]
HandleOp: identifier 3986749422416429262 Seq 0 请求: Join, Shard=0) 操作前的config[5].Shards=[3009 1009 2009 3009 1009 2009 3009 1009 2009 3009]
HandleOp: identifier 3986749422416429262 Seq 0 请求: Join, Shard=0) 操作后的config[6].Shards=[1009 1003 2003 3003 2009 3009 1009 1003 2003 3003]
HandleOp: identifier 2761882794355690042 Seq 0 请求: Join, Shard=0) 操作前的config[6].Shards=[1009 1003 2003 3003 2009 3009 1009 1003 2003 3003]
HandleOp: identifier 2761882794355690042 Seq 0 请求: Join, Shard=0) 操作后的config[7].Shards=[2003 3009 1003 3002 2002 3003 2009 1009 1002 2003]
HandleOp: identifier 1620036827869755619 Seq 0 请求: Join, Shard=0) 操作前的config[7].Shards=[2003 3009 1003 3002 2002 3003 2009 1009 1002 2003]
HandleOp: identifier 1620036827869755619 Seq 0 请求: Join, Shard=0) 操作后的config[8].Shards=[1009 3009 3005 2003 1003 3002 2005 3003 2009 1002]
HandleOp: identifier 344024854217802996 Seq 0 请求: Join, Shard=0) 操作前的config[8].Shards=[1009 3009 3005 2003 1003 3002 2005 3003 2009 1002]
HandleOp: identifier 344024854217802996 Seq 0 请求: Join, Shard=0) 操作后的config[9].Shards=[2008 2002 1003 1009 3003 2003 3002 3009 3005 1008]
HandleOp: identifier 1351958717682543265 Seq 0 请求: Join, Shard=0) 操作前的config[9].Shards=[2008 2002 1003 1009 3003 2003 3002 3009 3005 1008]
HandleOp: identifier 1351958717682543265 Seq 0 请求: Join, Shard=0) 操作后的config[10].Shards=[1008 3006 2002 1009 3003 2003 3002 3008 2008 1003]
HandleOp: Start发现不是Leader
HandleOp: identifier 3986749422416429262 Seq 1 请求: Leave, Shard=0) 操作前的config[10].Shards=[1008 3006 2002 1009 3003 2003 3002 3008 2008 1003]
HandleOp: identifier 3986749422416429262 Seq 1 请求: Leave, Shard=0) 操作后的config[11].Shards=[3002 3008 2008 2002 1009 1002 2005 1005 2006 1003]
HandleOp: identifier 3669471440158808863 Seq 1 请求: Leave, Shard=0) 操作前的config[11].Shards=[3002 3008 2008 2002 1009 1002 2005 1005 2006 1003]
HandleOp: identifier 3669471440158808863 Seq 1 请求: Leave, Shard=0) 操作后的config[12].Shards=[3005 1009 2002 1005 2006 1003 3006 3008 1002 1008]
HandleOp: identifier 1620036827869755619 Seq 1 请求: Leave, Shard=0) 操作前的config[12].Shards=[3005 1009 2002 1005 2006 1003 3006 3008 1002 1008]
HandleOp: identifier 1620036827869755619 Seq 1 请求: Leave, Shard=0) 操作后的config[13].Shards=[3008 1008 3006 2008 3002 1009 2002 1005 2006 1003]
HandleOp: identifier 1351958717682543265 Seq 1 请求: Leave, Shard=0) 操作前的config[13].Shards=[3008 1008 3006 2008 3002 1009 2002 1005 2006 1003]
HandleOp: identifier 1351958717682543265 Seq 1 请求: Leave, Shard=0) 操作后的config[14].Shards=[3008 1009 1003 1002 1008 2008 3002 2002 1005 1006]
HandleOp: identifier 2761882794355690042 Seq 1 请求: Leave, Shard=0) 操作前的config[14].Shards=[3008 1009 1003 1002 1008 2008 3002 2002 1005 1006]
HandleOp: identifier 2761882794355690042 Seq 1 请求: Leave, Shard=0) 操作后的config[15].Shards=[1008 1006 1002 1009 1003 2008 1005 3008 1008 1006]
HandleOp: identifier 344024854217802996 Seq 1 请求: Leave, Shard=0) 操作前的config[15].Shards=[1008 1006 1002 1009 1003 2008 1005 3008 1008 1006]
HandleOp: identifier 344024854217802996 Seq 1 请求: Leave, Shard=0) 操作后的config[16].Shards=[1006 1002 1009 1003 1005 1008 1006 1002 1009 1003]
HandleOp: identifier 2814731685239297685 Seq 0 请求: Join, Shard=0) 操作前的config[16].Shards=[1006 1002 1009 1003 1005 1008 1006 1002 1009 1003]
HandleOp: identifier 2814731685239297685 Seq 0 请求: Join, Shard=0) 操作后的config[17].Shards=[1002 1003 2007 3007 1005 1008 1006 1009 1007 1002]
HandleOp: identifier 2814731685239297685 Seq 1 请求: Leave, Shard=0) 操作前的config[17].Shards=[1002 1003 2007 3007 1005 1008 1006 1009 1007 1002]
HandleOp: identifier 2814731685239297685 Seq 1 请求: Leave, Shard=0) 操作后的config[18].Shards=[1005 1008 1006 1009 1007 1002 1003 1005 1008 1006]
HandleOp: identifier 2933376585600536015 Seq 0 请求: Join, Shard=0) 操作前的config[18].Shards=[1005 1008 1006 1009 1007 1002 1003 1005 1008 1006]
HandleOp: identifier 2933376585600536015 Seq 0 请求: Join, Shard=0) 操作后的config[19].Shards=[2001 1003 1005 1009 1001 3001 1002 1008 1006 1007]
HandleOp: identifier 900831057979773423 Seq 0 请求: Join, Shard=0) 操作前的config[19].Shards=[2001 1003 1005 1009 1001 3001 1002 1008 1006 1007]
HandleOp: identifier 900831057979773423 Seq 0 请求: Join, Shard=0) 操作后的config[20].Shards=[3001 3004 1005 1009 1003 1007 1002 1004 2004 1001]
HandleOp: identifier 2679631476089427510 Seq 0 请求: Join, Shard=0) 操作前的config[20].Shards=[3001 3004 1005 1009 1003 1007 1002 1004 2004 1001]
HandleOp: identifier 2679631476089427510 Seq 0 请求: Join, Shard=0) 操作后的config[21].Shards=[3001 1006 2004 1003 1007 1005 1009 1002 3000 2001]
HandleOp: identifier 900831057979773423 Seq 1 请求: Leave, Shard=0) 操作前的config[21].Shards=[3001 1006 2004 1003 1007 1005 1009 1002 3000 2001]
HandleOp: identifier 900831057979773423 Seq 1 请求: Leave, Shard=0) 操作后的config[22].Shards=[1006 3001 1005 1009 1003 1007 2001 1008 1002 3000]
HandleOp: identifier 2933376585600536015 Seq 1 请求: Leave, Shard=0) 操作前的config[22].Shards=[1006 3001 1005 1009 1003 1007 2001 1008 1002 3000]
HandleOp: identifier 2933376585600536015 Seq 1 请求: Leave, Shard=0) 操作后的config[23].Shards=[1009 1002 1001 1005 1008 3000 1004 1007 1000 2000]
HandleOp: identifier 2679631476089427510 Seq 1 请求: Leave, Shard=0) 操作前的config[23].Shards=[1009 1002 1001 1005 1008 3000 1004 1007 1000 2000]
HandleOp: identifier 2679631476089427510 Seq 1 请求: Leave, Shard=0) 操作后的config[24].Shards=[1002 1001 1008 1004 1006 1003 1009 1005 1007 1000]
HandleOp: identifier 4026777317793987247 Seq 16 请求: Join, Shard=0) 操作前的config[24].Shards=[1002 1001 1008 1004 1006 1003 1009 1005 1007 1000]
HandleOp: identifier 4026777317793987247 Seq 16 请求: Join, Shard=0) 操作后的config[25].Shards=[14 1002 1007 12 1000 11 1001 1004 1003 1005]
HandleOp: identifier 4026777317793987247 Seq 18 请求: Leave, Shard=0) 操作前的config[25].Shards=[14 1002 1007 12 1000 11 1001 1004 1003 1005]
HandleOp: identifier 4026777317793987247 Seq 18 请求: Leave, Shard=0) 操作后的config[26].Shards=[1002 1007 1001 1004 1003 1000 1008 1006 1009 1005]
