=== RUN   TestBasic
Test: Basic leave/join ...
2024/02/28 03:08:38 kv-
2024/02/28 03:08:38 kv-CreateNewConfig--lastConfig.Groups= map[], newGroups=map[1:[x y z]]
2024/02/28 03:08:38 kv-CreateNewConfig--lastConfig.Shards= [0 0 0 0 0 0 0 0 0 0]
2024/02/28 03:08:38 kv-CreateNewConfig--newConfig.Groups= map[1:[x y z]]
2024/02/28 03:08:38 kv-CreateNewConfig--newConfig.Shards= [1 1 1 1 1 1 1 1 1 1]
2024/02/28 03:08:38 kv-
2024/02/28 03:08:38 kv-CreateNewConfig--lastConfig.Groups= map[], newGroups=map[1:[x y z]]
2024/02/28 03:08:38 kv-CreateNewConfig--lastConfig.Shards= [0 0 0 0 0 0 0 0 0 0]
2024/02/28 03:08:38 kv-CreateNewConfig--newConfig.Groups= map[1:[x y z]]
2024/02/28 03:08:38 kv-CreateNewConfig--newConfig.Shards= [1 1 1 1 1 1 1 1 1 1]
2024/02/28 03:08:38 kv-
2024/02/28 03:08:38 kv-CreateNewConfig--lastConfig.Groups= map[], newGroups=map[1:[x y z]]
2024/02/28 03:08:38 kv-CreateNewConfig--lastConfig.Shards= [0 0 0 0 0 0 0 0 0 0]
2024/02/28 03:08:38 kv-CreateNewConfig--newConfig.Groups= map[1:[x y z]]
2024/02/28 03:08:38 kv-CreateNewConfig--newConfig.Shards= [1 1 1 1 1 1 1 1 1 1]
2024/02/28 03:08:38 kv-
2024/02/28 03:08:38 kv-CreateNewConfig--lastConfig.Groups= map[1:[x y z]], newGroups=map[2:[a b c]]
2024/02/28 03:08:38 kv-CreateNewConfig--lastConfig.Shards= [1 1 1 1 1 1 1 1 1 1]
2024/02/28 03:08:38 kv-CreateNewConfig--newConfig.Groups= map[1:[x y z] 2:[a b c]]
2024/02/28 03:08:38 kv-CreateNewConfig--newConfig.Shards= [2 2 2 2 2 1 1 1 1 1]
2024/02/28 03:08:38 kv-
2024/02/28 03:08:38 kv-CreateNewConfig--lastConfig.Groups= map[1:[x y z]], newGroups=map[2:[a b c]]
2024/02/28 03:08:38 kv-CreateNewConfig--lastConfig.Shards= [1 1 1 1 1 1 1 1 1 1]
2024/02/28 03:08:38 kv-CreateNewConfig--newConfig.Groups= map[1:[x y z] 2:[a b c]]
2024/02/28 03:08:38 kv-CreateNewConfig--newConfig.Shards= [2 2 2 2 2 1 1 1 1 1]
2024/02/28 03:08:38 kv-
2024/02/28 03:08:38 kv-CreateNewConfig--lastConfig.Groups= map[1:[x y z]], newGroups=map[2:[a b c]]
2024/02/28 03:08:38 kv-CreateNewConfig--lastConfig.Shards= [1 1 1 1 1 1 1 1 1 1]
2024/02/28 03:08:38 kv-CreateNewConfig--newConfig.Groups= map[1:[x y z] 2:[a b c]]
2024/02/28 03:08:38 kv-CreateNewConfig--newConfig.Shards= [2 2 2 2 2 1 1 1 1 1]
2024/02/28 03:08:38 kv-
2024/02/28 03:08:38 kv-RemoveGidServers-lastConfig.Groups= map[1:[x y z] 2:[a b c]], gids= [1]
2024/02/28 03:08:38 kv-RemoveGidServers-lastConfig.Shards= [2 2 2 2 2 1 1 1 1 1]
2024/02/28 03:08:38 kv-RemoveGidServers-newConfig.Groups= map[2:[a b c]]
2024/02/28 03:08:38 kv-RemoveGidServers-newConfig.Shards= [2 2 2 2 2 2 2 2 2 2]
2024/02/28 03:08:38 kv-
2024/02/28 03:08:38 kv-RemoveGidServers-lastConfig.Groups= map[1:[x y z] 2:[a b c]], gids= [1]
2024/02/28 03:08:38 kv-RemoveGidServers-lastConfig.Shards= [2 2 2 2 2 1 1 1 1 1]
2024/02/28 03:08:38 kv-RemoveGidServers-newConfig.Groups= map[2:[a b c]]
2024/02/28 03:08:38 kv-RemoveGidServers-newConfig.Shards= [2 2 2 2 2 2 2 2 2 2]
2024/02/28 03:08:38 kv-
2024/02/28 03:08:38 kv-RemoveGidServers-lastConfig.Groups= map[1:[x y z] 2:[a b c]], gids= [1]
2024/02/28 03:08:38 kv-RemoveGidServers-lastConfig.Shards= [2 2 2 2 2 1 1 1 1 1]
2024/02/28 03:08:38 kv-RemoveGidServers-newConfig.Groups= map[2:[a b c]]
2024/02/28 03:08:38 kv-RemoveGidServers-newConfig.Shards= [2 2 2 2 2 2 2 2 2 2]
2024/02/28 03:08:38 kv-
2024/02/28 03:08:38 kv-RemoveGidServers-lastConfig.Groups= map[2:[a b c]], gids= [2]
2024/02/28 03:08:38 kv-RemoveGidServers-lastConfig.Shards= [2 2 2 2 2 2 2 2 2 2]
2024/02/28 03:08:38 kv-RemoveGidServers-newConfig.Groups= map[]
2024/02/28 03:08:38 kv-RemoveGidServers-newConfig.Shards= [0 0 0 0 0 0 0 0 0 0]
  ... Passed
Test: Historical queries ...
2024/02/28 03:08:38 kv-
2024/02/28 03:08:38 kv-RemoveGidServers-lastConfig.Groups= map[2:[a b c]], gids= [2]
2024/02/28 03:08:38 kv-RemoveGidServers-lastConfig.Shards= [2 2 2 2 2 2 2 2 2 2]
2024/02/28 03:08:38 kv-RemoveGidServers-newConfig.Groups= map[]
2024/02/28 03:08:38 kv-RemoveGidServers-newConfig.Shards= [0 0 0 0 0 0 0 0 0 0]
2024/02/28 03:08:38 kv-
2024/02/28 03:08:38 kv-CreateNewConfig--lastConfig.Groups= map[], newGroups=map[1:[x y z]]
2024/02/28 03:08:38 kv-CreateNewConfig--lastConfig.Shards= [0 0 0 0 0 0 0 0 0 0]
2024/02/28 03:08:38 kv-CreateNewConfig--newConfig.Groups= map[1:[x y z]]
2024/02/28 03:08:38 kv-CreateNewConfig--newConfig.Shards= [1 1 1 1 1 1 1 1 1 1]
2024/02/28 03:08:38 kv-
2024/02/28 03:08:38 kv-CreateNewConfig--lastConfig.Groups= map[1:[x y z]], newGroups=map[2:[a b c]]
2024/02/28 03:08:38 kv-CreateNewConfig--lastConfig.Shards= [1 1 1 1 1 1 1 1 1 1]
2024/02/28 03:08:38 kv-CreateNewConfig--newConfig.Groups= map[1:[x y z] 2:[a b c]]
2024/02/28 03:08:38 kv-CreateNewConfig--newConfig.Shards= [2 2 2 2 2 1 1 1 1 1]
2024/02/28 03:08:38 kv-
2024/02/28 03:08:38 kv-RemoveGidServers-lastConfig.Groups= map[1:[x y z] 2:[a b c]], gids= [1]
2024/02/28 03:08:38 kv-RemoveGidServers-lastConfig.Shards= [2 2 2 2 2 1 1 1 1 1]
2024/02/28 03:08:38 kv-RemoveGidServers-newConfig.Groups= map[2:[a b c]]
2024/02/28 03:08:38 kv-RemoveGidServers-newConfig.Shards= [2 2 2 2 2 2 2 2 2 2]
2024/02/28 03:08:38 kv-
2024/02/28 03:08:38 kv-RemoveGidServers-lastConfig.Groups= map[2:[a b c]], gids= [2]
2024/02/28 03:08:38 kv-RemoveGidServers-lastConfig.Shards= [2 2 2 2 2 2 2 2 2 2]
2024/02/28 03:08:38 kv-RemoveGidServers-newConfig.Groups= map[]
2024/02/28 03:08:38 kv-RemoveGidServers-newConfig.Shards= [0 0 0 0 0 0 0 0 0 0]
2024/02/28 03:08:39 kv-
2024/02/28 03:08:39 kv-CreateNewConfig--lastConfig.Groups= map[], newGroups=map[1:[x y z]]
2024/02/28 03:08:39 kv-CreateNewConfig--lastConfig.Shards= [0 0 0 0 0 0 0 0 0 0]
2024/02/28 03:08:39 kv-CreateNewConfig--newConfig.Groups= map[1:[x y z]]
2024/02/28 03:08:39 kv-CreateNewConfig--newConfig.Shards= [1 1 1 1 1 1 1 1 1 1]
2024/02/28 03:08:39 kv-
2024/02/28 03:08:39 kv-CreateNewConfig--lastConfig.Groups= map[1:[x y z]], newGroups=map[2:[a b c]]
2024/02/28 03:08:39 kv-CreateNewConfig--lastConfig.Shards= [1 1 1 1 1 1 1 1 1 1]
2024/02/28 03:08:39 kv-CreateNewConfig--newConfig.Groups= map[1:[x y z] 2:[a b c]]
2024/02/28 03:08:39 kv-CreateNewConfig--newConfig.Shards= [2 2 2 2 2 1 1 1 1 1]
2024/02/28 03:08:39 kv-
2024/02/28 03:08:39 kv-RemoveGidServers-lastConfig.Groups= map[1:[x y z] 2:[a b c]], gids= [1]
2024/02/28 03:08:39 kv-RemoveGidServers-lastConfig.Shards= [2 2 2 2 2 1 1 1 1 1]
2024/02/28 03:08:39 kv-RemoveGidServers-newConfig.Groups= map[2:[a b c]]
2024/02/28 03:08:39 kv-RemoveGidServers-newConfig.Shards= [2 2 2 2 2 2 2 2 2 2]
2024/02/28 03:08:39 kv-
2024/02/28 03:08:39 kv-RemoveGidServers-lastConfig.Groups= map[2:[a b c]], gids= [2]
2024/02/28 03:08:39 kv-RemoveGidServers-lastConfig.Shards= [2 2 2 2 2 2 2 2 2 2]
2024/02/28 03:08:39 kv-RemoveGidServers-newConfig.Groups= map[]
2024/02/28 03:08:39 kv-RemoveGidServers-newConfig.Shards= [0 0 0 0 0 0 0 0 0 0]
  ... Passed
Test: Move ...
2024/02/28 03:08:39 kv-
2024/02/28 03:08:39 kv-CreateNewConfig--lastConfig.Groups= map[], newGroups=map[503:[3a 3b 3c]]
2024/02/28 03:08:39 kv-CreateNewConfig--lastConfig.Shards= [0 0 0 0 0 0 0 0 0 0]
2024/02/28 03:08:39 kv-CreateNewConfig--newConfig.Groups= map[503:[3a 3b 3c]]
2024/02/28 03:08:39 kv-CreateNewConfig--newConfig.Shards= [503 503 503 503 503 503 503 503 503 503]
2024/02/28 03:08:39 kv-
2024/02/28 03:08:39 kv-CreateNewConfig--lastConfig.Groups= map[], newGroups=map[1:[x y z]]
2024/02/28 03:08:39 kv-CreateNewConfig--lastConfig.Shards= [0 0 0 0 0 0 0 0 0 0]
2024/02/28 03:08:39 kv-CreateNewConfig--newConfig.Groups= map[1:[x y z]]
2024/02/28 03:08:39 kv-CreateNewConfig--newConfig.Shards= [1 1 1 1 1 1 1 1 1 1]
2024/02/28 03:08:39 kv-
2024/02/28 03:08:39 kv-CreateNewConfig--lastConfig.Groups= map[1:[x y z]], newGroups=map[2:[a b c]]
2024/02/28 03:08:39 kv-CreateNewConfig--lastConfig.Shards= [1 1 1 1 1 1 1 1 1 1]
2024/02/28 03:08:39 kv-CreateNewConfig--newConfig.Groups= map[1:[x y z] 2:[a b c]]
2024/02/28 03:08:39 kv-CreateNewConfig--newConfig.Shards= [2 2 2 2 2 1 1 1 1 1]
2024/02/28 03:08:39 kv-
2024/02/28 03:08:39 kv-RemoveGidServers-lastConfig.Groups= map[1:[x y z] 2:[a b c]], gids= [1]
2024/02/28 03:08:39 kv-RemoveGidServers-lastConfig.Shards= [2 2 2 2 2 1 1 1 1 1]
2024/02/28 03:08:39 kv-RemoveGidServers-newConfig.Groups= map[2:[a b c]]
2024/02/28 03:08:39 kv-RemoveGidServers-newConfig.Shards= [2 2 2 2 2 2 2 2 2 2]
2024/02/28 03:08:39 kv-
2024/02/28 03:08:39 kv-RemoveGidServers-lastConfig.Groups= map[2:[a b c]], gids= [2]
2024/02/28 03:08:39 kv-RemoveGidServers-lastConfig.Shards= [2 2 2 2 2 2 2 2 2 2]
2024/02/28 03:08:39 kv-RemoveGidServers-newConfig.Groups= map[]
2024/02/28 03:08:39 kv-RemoveGidServers-newConfig.Shards= [0 0 0 0 0 0 0 0 0 0]
2024/02/28 03:08:39 kv-
2024/02/28 03:08:39 kv-CreateNewConfig--lastConfig.Groups= map[503:[3a 3b 3c]], newGroups=map[504:[4a 4b 4c]]
2024/02/28 03:08:39 kv-CreateNewConfig--lastConfig.Shards= [503 503 503 503 503 503 503 503 503 503]
2024/02/28 03:08:39 kv-CreateNewConfig--newConfig.Groups= map[503:[3a 3b 3c] 504:[4a 4b 4c]]
2024/02/28 03:08:39 kv-CreateNewConfig--newConfig.Shards= [504 504 504 504 504 503 503 503 503 503]
2024/02/28 03:08:39 kv-
2024/02/28 03:08:39 kv-CreateNewConfig--lastConfig.Groups= map[], newGroups=map[503:[3a 3b 3c]]
2024/02/28 03:08:39 kv-CreateNewConfig--lastConfig.Shards= [0 0 0 0 0 0 0 0 0 0]
2024/02/28 03:08:39 kv-CreateNewConfig--newConfig.Groups= map[503:[3a 3b 3c]]
2024/02/28 03:08:39 kv-CreateNewConfig--newConfig.Shards= [503 503 503 503 503 503 503 503 503 503]
2024/02/28 03:08:39 kv-
2024/02/28 03:08:39 kv-CreateNewConfig--lastConfig.Groups= map[], newGroups=map[503:[3a 3b 3c]]
2024/02/28 03:08:39 kv-CreateNewConfig--lastConfig.Shards= [0 0 0 0 0 0 0 0 0 0]
2024/02/28 03:08:39 kv-CreateNewConfig--newConfig.Groups= map[503:[3a 3b 3c]]
2024/02/28 03:08:39 kv-CreateNewConfig--newConfig.Shards= [503 503 503 503 503 503 503 503 503 503]
2024/02/28 03:08:39 kv-
2024/02/28 03:08:39 kv-CreateNewConfig--lastConfig.Groups= map[503:[3a 3b 3c]], newGroups=map[504:[4a 4b 4c]]
2024/02/28 03:08:39 kv-CreateNewConfig--lastConfig.Shards= [503 503 503 503 503 503 503 503 503 503]
2024/02/28 03:08:39 kv-
2024/02/28 03:08:39 kv-CreateNewConfig--lastConfig.Groups= map[503:[3a 3b 3c]], newGroups=map[504:[4a 4b 4c]]
2024/02/28 03:08:39 kv-CreateNewConfig--lastConfig.Shards= [503 503 503 503 503 503 503 503 503 503]
2024/02/28 03:08:39 kv-CreateNewConfig--newConfig.Groups= map[503:[3a 3b 3c] 504:[4a 4b 4c]]
2024/02/28 03:08:39 kv-CreateNewConfig--newConfig.Shards= [504 504 504 504 504 503 503 503 503 503]
2024/02/28 03:08:39 kv-CreateNewConfig--newConfig.Groups= map[503:[3a 3b 3c] 504:[4a 4b 4c]]
2024/02/28 03:08:39 kv-CreateNewConfig--newConfig.Shards= [504 504 504 504 504 503 503 503 503 503]
2024/02/28 03:08:39 kv-
2024/02/28 03:08:39 kv-MoveShard2Gid-lastConfig.Groups= map[503:[3a 3b 3c] 504:[4a 4b 4c]], n_shard= 0,n_gid= 503 
2024/02/28 03:08:39 kv-MoveShard2Gid-lastConfig.Shards= [504 504 504 504 504 503 503 503 503 503]
2024/02/28 03:08:39 kv-MoveShard2Gid-newConfig.Groups= map[503:[3a 3b 3c] 504:[4a 4b 4c]]
2024/02/28 03:08:39 kv-MoveShard2Gid-newConfig.Shards= [503 504 504 504 504 503 503 503 503 503]
2024/02/28 03:08:39 kv-
2024/02/28 03:08:39 kv-MoveShard2Gid-lastConfig.Groups= map[503:[3a 3b 3c] 504:[4a 4b 4c]], n_shard= 0,n_gid= 503 
2024/02/28 03:08:39 kv-MoveShard2Gid-lastConfig.Shards= [504 504 504 504 504 503 503 503 503 503]
2024/02/28 03:08:39 kv-MoveShard2Gid-newConfig.Groups= map[503:[3a 3b 3c] 504:[4a 4b 4c]]
2024/02/28 03:08:39 kv-MoveShard2Gid-newConfig.Shards= [503 504 504 504 504 503 503 503 503 503]
2024/02/28 03:08:39 kv-
2024/02/28 03:08:39 kv-MoveShard2Gid-lastConfig.Groups= map[503:[3a 3b 3c] 504:[4a 4b 4c]], n_shard= 0,n_gid= 503 
2024/02/28 03:08:39 kv-MoveShard2Gid-lastConfig.Shards= [504 504 504 504 504 503 503 503 503 503]
2024/02/28 03:08:39 kv-MoveShard2Gid-newConfig.Groups= map[503:[3a 3b 3c] 504:[4a 4b 4c]]
2024/02/28 03:08:39 kv-MoveShard2Gid-newConfig.Shards= [503 504 504 504 504 503 503 503 503 503]
2024/02/28 03:08:39 kv-
2024/02/28 03:08:39 kv-MoveShard2Gid-lastConfig.Groups= map[503:[3a 3b 3c] 504:[4a 4b 4c]], n_shard= 1,n_gid= 503 
2024/02/28 03:08:39 kv-MoveShard2Gid-lastConfig.Shards= [503 504 504 504 504 503 503 503 503 503]
2024/02/28 03:08:39 kv-MoveShard2Gid-newConfig.Groups= map[503:[3a 3b 3c] 504:[4a 4b 4c]]
2024/02/28 03:08:39 kv-MoveShard2Gid-newConfig.Shards= [503 503 504 504 504 503 503 503 503 503]
2024/02/28 03:08:39 kv-
2024/02/28 03:08:39 kv-MoveShard2Gid-lastConfig.Groups= map[503:[3a 3b 3c] 504:[4a 4b 4c]], n_shard= 1,n_gid= 503 
2024/02/28 03:08:39 kv-MoveShard2Gid-lastConfig.Shards= [503 504 504 504 504 503 503 503 503 503]
2024/02/28 03:08:39 kv-MoveShard2Gid-newConfig.Groups= map[503:[3a 3b 3c] 504:[4a 4b 4c]]
2024/02/28 03:08:39 kv-MoveShard2Gid-newConfig.Shards= [503 503 504 504 504 503 503 503 503 503]
2024/02/28 03:08:39 kv-
2024/02/28 03:08:39 kv-MoveShard2Gid-lastConfig.Groups= map[503:[3a 3b 3c] 504:[4a 4b 4c]], n_shard= 1,n_gid= 503 
2024/02/28 03:08:39 kv-MoveShard2Gid-lastConfig.Shards= [503 504 504 504 504 503 503 503 503 503]
2024/02/28 03:08:39 kv-MoveShard2Gid-newConfig.Groups= map[503:[3a 3b 3c] 504:[4a 4b 4c]]
2024/02/28 03:08:39 kv-MoveShard2Gid-newConfig.Shards= [503 503 504 504 504 503 503 503 503 503]
2024/02/28 03:08:39 kv-
2024/02/28 03:08:39 kv-MoveShard2Gid-lastConfig.Groups= map[503:[3a 3b 3c] 504:[4a 4b 4c]], n_shard= 2,n_gid= 503 
2024/02/28 03:08:39 kv-MoveShard2Gid-lastConfig.Shards= [503 503 504 504 504 503 503 503 503 503]
2024/02/28 03:08:39 kv-MoveShard2Gid-newConfig.Groups= map[503:[3a 3b 3c] 504:[4a 4b 4c]]
2024/02/28 03:08:39 kv-MoveShard2Gid-newConfig.Shards= [503 503 503 504 504 503 503 503 503 503]
2024/02/28 03:08:39 kv-
2024/02/28 03:08:39 kv-MoveShard2Gid-lastConfig.Groups= map[503:[3a 3b 3c] 504:[4a 4b 4c]], n_shard= 2,n_gid= 503 
2024/02/28 03:08:39 kv-MoveShard2Gid-lastConfig.Shards= [503 503 504 504 504 503 503 503 503 503]
2024/02/28 03:08:39 kv-MoveShard2Gid-newConfig.Groups= map[503:[3a 3b 3c] 504:[4a 4b 4c]]
2024/02/28 03:08:39 kv-MoveShard2Gid-newConfig.Shards= [503 503 503 504 504 503 503 503 503 503]
2024/02/28 03:08:39 kv-
2024/02/28 03:08:39 kv-MoveShard2Gid-lastConfig.Groups= map[503:[3a 3b 3c] 504:[4a 4b 4c]], n_shard= 2,n_gid= 503 
2024/02/28 03:08:39 kv-MoveShard2Gid-lastConfig.Shards= [503 503 504 504 504 503 503 503 503 503]
2024/02/28 03:08:39 kv-MoveShard2Gid-newConfig.Groups= map[503:[3a 3b 3c] 504:[4a 4b 4c]]
2024/02/28 03:08:39 kv-MoveShard2Gid-newConfig.Shards= [503 503 503 504 504 503 503 503 503 503]
2024/02/28 03:08:39 kv-
2024/02/28 03:08:39 kv-MoveShard2Gid-lastConfig.Groups= map[503:[3a 3b 3c] 504:[4a 4b 4c]], n_shard= 3,n_gid= 503 
2024/02/28 03:08:39 kv-MoveShard2Gid-lastConfig.Shards= [503 503 503 504 504 503 503 503 503 503]
2024/02/28 03:08:39 kv-MoveShard2Gid-newConfig.Groups= map[503:[3a 3b 3c] 504:[4a 4b 4c]]
2024/02/28 03:08:39 kv-MoveShard2Gid-newConfig.Shards= [503 503 503 503 504 503 503 503 503 503]
2024/02/28 03:08:39 kv-
2024/02/28 03:08:39 kv-MoveShard2Gid-lastConfig.Groups= map[503:[3a 3b 3c] 504:[4a 4b 4c]], n_shard= 3,n_gid= 503 
2024/02/28 03:08:39 kv-MoveShard2Gid-lastConfig.Shards= [503 503 503 504 504 503 503 503 503 503]
2024/02/28 03:08:39 kv-MoveShard2Gid-newConfig.Groups= map[503:[3a 3b 3c] 504:[4a 4b 4c]]
2024/02/28 03:08:39 kv-MoveShard2Gid-newConfig.Shards= [503 503 503 503 504 503 503 503 503 503]
2024/02/28 03:08:39 kv-
2024/02/28 03:08:39 kv-MoveShard2Gid-lastConfig.Groups= map[503:[3a 3b 3c] 504:[4a 4b 4c]], n_shard= 3,n_gid= 503 
2024/02/28 03:08:39 kv-MoveShard2Gid-lastConfig.Shards= [503 503 503 504 504 503 503 503 503 503]
2024/02/28 03:08:39 kv-MoveShard2Gid-newConfig.Groups= map[503:[3a 3b 3c] 504:[4a 4b 4c]]
2024/02/28 03:08:39 kv-MoveShard2Gid-newConfig.Shards= [503 503 503 503 504 503 503 503 503 503]
2024/02/28 03:08:39 kv-
2024/02/28 03:08:39 kv-MoveShard2Gid-lastConfig.Groups= map[503:[3a 3b 3c] 504:[4a 4b 4c]], n_shard= 4,n_gid= 503 
2024/02/28 03:08:39 kv-MoveShard2Gid-lastConfig.Shards= [503 503 503 503 504 503 503 503 503 503]
2024/02/28 03:08:39 kv-MoveShard2Gid-newConfig.Groups= map[503:[3a 3b 3c]]
2024/02/28 03:08:39 kv-MoveShard2Gid-newConfig.Shards= [503 503 503 503 503 503 503 503 503 503]
2024/02/28 03:08:39 kv-
2024/02/28 03:08:39 kv-MoveShard2Gid-lastConfig.Groups= map[503:[3a 3b 3c] 504:[4a 4b 4c]], n_shard= 4,n_gid= 503 
2024/02/28 03:08:39 kv-MoveShard2Gid-lastConfig.Shards= [503 503 503 503 504 503 503 503 503 503]
2024/02/28 03:08:39 kv-MoveShard2Gid-newConfig.Groups= map[503:[3a 3b 3c]]
2024/02/28 03:08:39 kv-MoveShard2Gid-newConfig.Shards= [503 503 503 503 503 503 503 503 503 503]
2024/02/28 03:08:39 kv-
2024/02/28 03:08:39 kv-MoveShard2Gid-lastConfig.Groups= map[503:[3a 3b 3c] 504:[4a 4b 4c]], n_shard= 4,n_gid= 503 
2024/02/28 03:08:39 kv-MoveShard2Gid-lastConfig.Shards= [503 503 503 503 504 503 503 503 503 503]
2024/02/28 03:08:39 kv-MoveShard2Gid-newConfig.Groups= map[503:[3a 3b 3c]]
2024/02/28 03:08:39 kv-MoveShard2Gid-newConfig.Shards= [503 503 503 503 503 503 503 503 503 503]
2024/02/28 03:08:39 kv-
2024/02/28 03:08:39 kv-MoveShard2Gid-lastConfig.Groups= map[503:[3a 3b 3c]], n_shard= 5,n_gid= 504 
2024/02/28 03:08:39 kv-MoveShard2Gid-lastConfig.Shards= [503 503 503 503 503 503 503 503 503 503]
2024/02/28 03:08:39 kv-MoveShard2Gid-newConfig.Groups= map[503:[3a 3b 3c]]
2024/02/28 03:08:39 kv-MoveShard2Gid-newConfig.Shards= [503 503 503 503 503 504 503 503 503 503]
2024/02/28 03:08:39 kv-
2024/02/28 03:08:39 kv-MoveShard2Gid-lastConfig.Groups= map[503:[3a 3b 3c]], n_shard= 5,n_gid= 504 
2024/02/28 03:08:39 kv-MoveShard2Gid-lastConfig.Shards= [503 503 503 503 503 503 503 503 503 503]
2024/02/28 03:08:39 kv-MoveShard2Gid-newConfig.Groups= map[503:[3a 3b 3c]]
2024/02/28 03:08:39 kv-MoveShard2Gid-newConfig.Shards= [503 503 503 503 503 504 503 503 503 503]
2024/02/28 03:08:39 kv-
2024/02/28 03:08:39 kv-MoveShard2Gid-lastConfig.Groups= map[503:[3a 3b 3c]], n_shard= 5,n_gid= 504 
2024/02/28 03:08:39 kv-MoveShard2Gid-lastConfig.Shards= [503 503 503 503 503 503 503 503 503 503]
2024/02/28 03:08:39 kv-MoveShard2Gid-newConfig.Groups= map[503:[3a 3b 3c]]
2024/02/28 03:08:39 kv-MoveShard2Gid-newConfig.Shards= [503 503 503 503 503 504 503 503 503 503]
2024/02/28 03:08:39 kv-
2024/02/28 03:08:39 kv-MoveShard2Gid-lastConfig.Groups= map[503:[3a 3b 3c]], n_shard= 6,n_gid= 504 
2024/02/28 03:08:39 kv-MoveShard2Gid-lastConfig.Shards= [503 503 503 503 503 504 503 503 503 503]
2024/02/28 03:08:39 kv-MoveShard2Gid-newConfig.Groups= map[503:[3a 3b 3c]]
2024/02/28 03:08:39 kv-MoveShard2Gid-newConfig.Shards= [503 503 503 503 503 504 504 503 503 503]
2024/02/28 03:08:39 kv-
2024/02/28 03:08:39 kv-MoveShard2Gid-lastConfig.Groups= map[503:[3a 3b 3c]], n_shard= 6,n_gid= 504 
2024/02/28 03:08:39 kv-MoveShard2Gid-lastConfig.Shards= [503 503 503 503 503 504 503 503 503 503]
2024/02/28 03:08:39 kv-MoveShard2Gid-newConfig.Groups= map[503:[3a 3b 3c]]
2024/02/28 03:08:39 kv-MoveShard2Gid-newConfig.Shards= [503 503 503 503 503 504 504 503 503 503]
2024/02/28 03:08:39 kv-
2024/02/28 03:08:39 kv-MoveShard2Gid-lastConfig.Groups= map[503:[3a 3b 3c]], n_shard= 6,n_gid= 504 
2024/02/28 03:08:39 kv-MoveShard2Gid-lastConfig.Shards= [503 503 503 503 503 504 503 503 503 503]
2024/02/28 03:08:39 kv-MoveShard2Gid-newConfig.Groups= map[503:[3a 3b 3c]]
2024/02/28 03:08:39 kv-MoveShard2Gid-newConfig.Shards= [503 503 503 503 503 504 504 503 503 503]
2024/02/28 03:08:39 kv-
2024/02/28 03:08:39 kv-MoveShard2Gid-lastConfig.Groups= map[503:[3a 3b 3c]], n_shard= 7,n_gid= 504 
2024/02/28 03:08:39 kv-MoveShard2Gid-lastConfig.Shards= [503 503 503 503 503 504 504 503 503 503]
2024/02/28 03:08:39 kv-MoveShard2Gid-newConfig.Groups= map[503:[3a 3b 3c]]
2024/02/28 03:08:39 kv-MoveShard2Gid-newConfig.Shards= [503 503 503 503 503 504 504 504 503 503]
2024/02/28 03:08:39 kv-
2024/02/28 03:08:39 kv-MoveShard2Gid-lastConfig.Groups= map[503:[3a 3b 3c]], n_shard= 7,n_gid= 504 
2024/02/28 03:08:39 kv-MoveShard2Gid-lastConfig.Shards= [503 503 503 503 503 504 504 503 503 503]
2024/02/28 03:08:39 kv-MoveShard2Gid-newConfig.Groups= map[503:[3a 3b 3c]]
2024/02/28 03:08:39 kv-MoveShard2Gid-newConfig.Shards= [503 503 503 503 503 504 504 504 503 503]
2024/02/28 03:08:39 kv-
2024/02/28 03:08:39 kv-MoveShard2Gid-lastConfig.Groups= map[503:[3a 3b 3c]], n_shard= 7,n_gid= 504 
2024/02/28 03:08:39 kv-MoveShard2Gid-lastConfig.Shards= [503 503 503 503 503 504 504 503 503 503]
2024/02/28 03:08:39 kv-MoveShard2Gid-newConfig.Groups= map[503:[3a 3b 3c]]
2024/02/28 03:08:39 kv-MoveShard2Gid-newConfig.Shards= [503 503 503 503 503 504 504 504 503 503]
2024/02/28 03:08:39 kv-
2024/02/28 03:08:39 kv-MoveShard2Gid-lastConfig.Groups= map[503:[3a 3b 3c]], n_shard= 8,n_gid= 504 
2024/02/28 03:08:39 kv-MoveShard2Gid-lastConfig.Shards= [503 503 503 503 503 504 504 504 503 503]
2024/02/28 03:08:39 kv-MoveShard2Gid-newConfig.Groups= map[503:[3a 3b 3c]]
2024/02/28 03:08:39 kv-MoveShard2Gid-newConfig.Shards= [503 503 503 503 503 504 504 504 504 503]
2024/02/28 03:08:39 kv-
2024/02/28 03:08:39 kv-MoveShard2Gid-lastConfig.Groups= map[503:[3a 3b 3c]], n_shard= 8,n_gid= 504 
2024/02/28 03:08:39 kv-MoveShard2Gid-lastConfig.Shards= [503 503 503 503 503 504 504 504 503 503]
2024/02/28 03:08:39 kv-MoveShard2Gid-newConfig.Groups= map[503:[3a 3b 3c]]
2024/02/28 03:08:39 kv-MoveShard2Gid-newConfig.Shards= [503 503 503 503 503 504 504 504 504 503]
2024/02/28 03:08:39 kv-
2024/02/28 03:08:39 kv-MoveShard2Gid-lastConfig.Groups= map[503:[3a 3b 3c]], n_shard= 8,n_gid= 504 
2024/02/28 03:08:39 kv-MoveShard2Gid-lastConfig.Shards= [503 503 503 503 503 504 504 504 503 503]
2024/02/28 03:08:39 kv-MoveShard2Gid-newConfig.Groups= map[503:[3a 3b 3c]]
2024/02/28 03:08:39 kv-MoveShard2Gid-newConfig.Shards= [503 503 503 503 503 504 504 504 504 503]
2024/02/28 03:08:39 kv-
2024/02/28 03:08:39 kv-MoveShard2Gid-lastConfig.Groups= map[503:[3a 3b 3c]], n_shard= 9,n_gid= 504 
2024/02/28 03:08:39 kv-MoveShard2Gid-lastConfig.Shards= [503 503 503 503 503 504 504 504 504 503]
2024/02/28 03:08:39 kv-MoveShard2Gid-newConfig.Groups= map[503:[3a 3b 3c]]
2024/02/28 03:08:39 kv-MoveShard2Gid-newConfig.Shards= [503 503 503 503 503 504 504 504 504 504]
2024/02/28 03:08:39 kv-
2024/02/28 03:08:39 kv-MoveShard2Gid-lastConfig.Groups= map[503:[3a 3b 3c]], n_shard= 9,n_gid= 504 
2024/02/28 03:08:39 kv-MoveShard2Gid-lastConfig.Shards= [503 503 503 503 503 504 504 504 504 503]
2024/02/28 03:08:39 kv-MoveShard2Gid-newConfig.Groups= map[503:[3a 3b 3c]]
2024/02/28 03:08:39 kv-MoveShard2Gid-newConfig.Shards= [503 503 503 503 503 504 504 504 504 504]
2024/02/28 03:08:39 kv-
2024/02/28 03:08:39 kv-MoveShard2Gid-lastConfig.Groups= map[503:[3a 3b 3c]], n_shard= 9,n_gid= 504 
2024/02/28 03:08:39 kv-MoveShard2Gid-lastConfig.Shards= [503 503 503 503 503 504 504 504 504 503]
2024/02/28 03:08:39 kv-MoveShard2Gid-newConfig.Groups= map[503:[3a 3b 3c]]
2024/02/28 03:08:39 kv-MoveShard2Gid-newConfig.Shards= [503 503 503 503 503 504 504 504 504 504]
2024/02/28 03:08:39 kv-
2024/02/28 03:08:39 kv-RemoveGidServers-lastConfig.Groups= map[503:[3a 3b 3c]], gids= [503]
2024/02/28 03:08:39 kv-RemoveGidServers-lastConfig.Shards= [503 503 503 503 503 504 504 504 504 504]
2024/02/28 03:08:39 kv-RemoveGidServers-newConfig.Groups= map[]
2024/02/28 03:08:39 kv-RemoveGidServers-newConfig.Shards= [0 0 0 0 0 0 0 0 0 0]
2024/02/28 03:08:39 kv-
2024/02/28 03:08:39 kv-
2024/02/28 03:08:39 kv-
2024/02/28 03:08:39 kv-RemoveGidServers-lastConfig.Groups= map[503:[3a 3b 3c]], gids= [503]
2024/02/28 03:08:39 kv-RemoveGidServers-lastConfig.Groups= map[503:[3a 3b 3c]], gids= [503]
2024/02/28 03:08:39 kv-RemoveGidServers-lastConfig.Shards= [503 503 503 503 503 504 504 504 504 504]
2024/02/28 03:08:39 kv-RemoveGidServers-newConfig.Groups= map[]
2024/02/28 03:08:39 kv-RemoveGidServers-lastConfig.Shards= [503 503 503 503 503 504 504 504 504 504]
2024/02/28 03:08:39 kv-RemoveGidServers-newConfig.Shards= [0 0 0 0 0 0 0 0 0 0]
2024/02/28 03:08:39 kv-RemoveGidServers-newConfig.Groups= map[]
2024/02/28 03:08:39 kv-RemoveGidServers-newConfig.Shards= [0 0 0 0 0 0 0 0 0 0]
2024/02/28 03:08:39 kv-RemoveGidServers-lastConfig.Groups= map[], gids= [504]
2024/02/28 03:08:39 kv-RemoveGidServers-lastConfig.Shards= [0 0 0 0 0 0 0 0 0 0]
2024/02/28 03:08:39 kv-RemoveGidServers-newConfig.Groups= map[]
2024/02/28 03:08:39 kv-RemoveGidServers-newConfig.Shards= [0 0 0 0 0 0 0 0 0 0]
  ... Passed
Test: Concurrent leave/join ...
2024/02/28 03:08:39 kv-
2024/02/28 03:08:39 kv-CreateNewConfig--lastConfig.Groups= map[], newGroups=map[1140:[s140a]]
2024/02/28 03:08:39 kv-CreateNewConfig--lastConfig.Shards= [0 0 0 0 0 0 0 0 0 0]
2024/02/28 03:08:39 kv-CreateNewConfig--newConfig.Groups= map[1140:[s140a]]
2024/02/28 03:08:39 kv-CreateNewConfig--newConfig.Shards= [1140 1140 1140 1140 1140 1140 1140 1140 1140 1140]
2024/02/28 03:08:39 kv-
2024/02/28 03:08:39 kv-CreateNewConfig--lastConfig.Groups= map[1140:[s140a]], newGroups=map[1130:[s130a]]
2024/02/28 03:08:39 kv-CreateNewConfig--lastConfig.Shards= [1140 1140 1140 1140 1140 1140 1140 1140 1140 1140]
2024/02/28 03:08:39 kv-CreateNewConfig--newConfig.Groups= map[1130:[s130a] 1140:[s140a]]
2024/02/28 03:08:39 kv-CreateNewConfig--newConfig.Shards= [1130 1130 1130 1130 1130 1140 1140 1140 1140 1140]
2024/02/28 03:08:39 kv-
2024/02/28 03:08:39 kv-RemoveGidServers-lastConfig.Groups= map[], gids= [504]
2024/02/28 03:08:39 kv-RemoveGidServers-lastConfig.Shards= [0 0 0 0 0 0 0 0 0 0]
2024/02/28 03:08:39 kv-RemoveGidServers-newConfig.Groups= map[]
2024/02/28 03:08:39 kv-RemoveGidServers-newConfig.Shards= [0 0 0 0 0 0 0 0 0 0]
2024/02/28 03:08:39 kv-
2024/02/28 03:08:39 kv-RemoveGidServers-lastConfig.Groups= map[], gids= [504]
2024/02/28 03:08:39 kv-RemoveGidServers-lastConfig.Shards= [0 0 0 0 0 0 0 0 0 0]
2024/02/28 03:08:39 kv-RemoveGidServers-newConfig.Groups= map[]
2024/02/28 03:08:39 kv-RemoveGidServers-newConfig.Shards= [0 0 0 0 0 0 0 0 0 0]
2024/02/28 03:08:39 kv-
2024/02/28 03:08:39 kv-CreateNewConfig--lastConfig.Groups= map[], newGroups=map[1140:[s140a]]
2024/02/28 03:08:39 kv-CreateNewConfig--lastConfig.Shards= [0 0 0 0 0 0 0 0 0 0]
2024/02/28 03:08:39 kv-CreateNewConfig--newConfig.Groups= map[1140:[s140a]]
2024/02/28 03:08:39 kv-CreateNewConfig--newConfig.Shards= [1140 1140 1140 1140 1140 1140 1140 1140 1140 1140]
2024/02/28 03:08:39 kv-
2024/02/28 03:08:39 kv-
2024/02/28 03:08:39 kv-CreateNewConfig--lastConfig.Groups= map[1140:[s140a]], newGroups=map[1130:[s130a]]
2024/02/28 03:08:39 kv-CreateNewConfig--lastConfig.Shards= [1140 1140 1140 1140 1140 1140 1140 1140 1140 1140]
2024/02/28 03:08:39 kv-CreateNewConfig--newConfig.Groups= map[1130:[s130a] 1140:[s140a]]
2024/02/28 03:08:39 kv-CreateNewConfig--newConfig.Shards= [1130 1130 1130 1130 1130 1140 1140 1140 1140 1140]
2024/02/28 03:08:39 kv-CreateNewConfig--lastConfig.Groups= map[1130:[s130a] 1140:[s140a]], newGroups=map[130:[s130b]]
2024/02/28 03:08:39 kv-CreateNewConfig--lastConfig.Shards= [1130 1130 1130 1130 1130 1140 1140 1140 1140 1140]
2024/02/28 03:08:39 kv-CreateNewConfig--newConfig.Groups= map[130:[s130b] 1130:[s130a] 1140:[s140a]]
2024/02/28 03:08:39 kv-CreateNewConfig--newConfig.Shards= [130 130 1130 1130 1130 130 130 1140 1140 1140]
2024/02/28 03:08:39 kv-
2024/02/28 03:08:39 kv-CreateNewConfig--lastConfig.Groups= map[], newGroups=map[1140:[s140a]]
2024/02/28 03:08:39 kv-CreateNewConfig--lastConfig.Shards= [0 0 0 0 0 0 0 0 0 0]
2024/02/28 03:08:39 kv-CreateNewConfig--newConfig.Groups= map[1140:[s140a]]
2024/02/28 03:08:39 kv-CreateNewConfig--newConfig.Shards= [1140 1140 1140 1140 1140 1140 1140 1140 1140 1140]
2024/02/28 03:08:39 kv-
2024/02/28 03:08:39 kv-CreateNewConfig--lastConfig.Groups= map[1140:[s140a]], newGroups=map[1130:[s130a]]
2024/02/28 03:08:39 kv-CreateNewConfig--lastConfig.Shards= [1140 1140 1140 1140 1140 1140 1140 1140 1140 1140]
2024/02/28 03:08:39 kv-CreateNewConfig--newConfig.Groups= map[1130:[s130a] 1140:[s140a]]
2024/02/28 03:08:39 kv-CreateNewConfig--newConfig.Shards= [1130 1130 1130 1130 1130 1140 1140 1140 1140 1140]
2024/02/28 03:08:39 kv-
2024/02/28 03:08:39 kv-CreateNewConfig--lastConfig.Groups= map[130:[s130b] 1130:[s130a] 1140:[s140a]], newGroups=map[140:[s140b]]
2024/02/28 03:08:39 kv-CreateNewConfig--lastConfig.Shards= [130 130 1130 1130 1130 130 130 1140 1140 1140]
2024/02/28 03:08:39 kv-CreateNewConfig--newConfig.Groups= map[130:[s130b] 140:[s140b] 1130:[s130a] 1140:[s140a]]
2024/02/28 03:08:39 kv-CreateNewConfig--newConfig.Shards= [140 140 140 1130 1130 130 130 140 1140 1140]
2024/02/28 03:08:39 kv-
2024/02/28 03:08:39 kv-
2024/02/28 03:08:39 kv-CreateNewConfig--lastConfig.Groups= map[1130:[s130a] 1140:[s140a]], newGroups=map[130:[s130b]]
2024/02/28 03:08:39 kv-CreateNewConfig--lastConfig.Shards= [1130 1130 1130 1130 1130 1140 1140 1140 1140 1140]
2024/02/28 03:08:39 kv-CreateNewConfig--newConfig.Groups= map[130:[s130b] 1130:[s130a] 1140:[s140a]]
2024/02/28 03:08:39 kv-CreateNewConfig--newConfig.Shards= [130 130 1130 1130 1130 130 130 1140 1140 1140]
2024/02/28 03:08:39 kv-
2024/02/28 03:08:39 kv-CreateNewConfig--lastConfig.Groups= map[130:[s130b] 1130:[s130a] 1140:[s140a]], newGroups=map[140:[s140b]]
2024/02/28 03:08:39 kv-CreateNewConfig--lastConfig.Shards= [130 130 1130 1130 1130 130 130 1140 1140 1140]
2024/02/28 03:08:39 kv-CreateNewConfig--newConfig.Groups= map[130:[s130b] 140:[s140b] 1130:[s130a] 1140:[s140a]]
2024/02/28 03:08:39 kv-CreateNewConfig--newConfig.Shards= [140 140 140 1130 1130 130 130 140 1140 1140]
2024/02/28 03:08:39 kv-
2024/02/28 03:08:39 kv-RemoveGidServers-lastConfig.Groups= map[130:[s130b] 140:[s140b] 1130:[s130a] 1140:[s140a]], gids= [1140]
2024/02/28 03:08:39 kv-RemoveGidServers-lastConfig.Shards= [140 140 140 1130 1130 130 130 140 1140 1140]
2024/02/28 03:08:39 kv-RemoveGidServers-newConfig.Groups= map[130:[s130b] 140:[s140b] 1130:[s130a]]
2024/02/28 03:08:39 kv-RemoveGidServers-newConfig.Shards= [140 140 140 1130 1130 130 130 140 1130 130]
2024/02/28 03:08:39 kv-
2024/02/28 03:08:39 kv-RemoveGidServers-lastConfig.Groups= map[130:[s130b] 140:[s140b] 1130:[s130a]], gids= [1130]
2024/02/28 03:08:39 kv-RemoveGidServers-lastConfig.Shards= [140 140 140 1130 1130 130 130 140 1130 130]
2024/02/28 03:08:39 kv-RemoveGidServers-newConfig.Groups= map[130:[s130b] 140:[s140b]]
2024/02/28 03:08:39 kv-RemoveGidServers-newConfig.Shards= [140 140 140 130 140 130 130 140 130 130]
2024/02/28 03:08:39 kv-CreateNewConfig--lastConfig.Groups= map[1130:[s130a] 1140:[s140a]], newGroups=map[130:[s130b]]
2024/02/28 03:08:39 kv-CreateNewConfig--lastConfig.Shards= [1130 1130 1130 1130 1130 1140 1140 1140 1140 1140]
2024/02/28 03:08:39 kv-CreateNewConfig--newConfig.Groups= map[130:[s130b] 1130:[s130a] 1140:[s140a]]
2024/02/28 03:08:39 kv-CreateNewConfig--newConfig.Shards= [130 130 1130 1130 1130 130 130 1140 1140 1140]
2024/02/28 03:08:39 kv-
2024/02/28 03:08:39 kv-CreateNewConfig--lastConfig.Groups= map[130:[s130b] 1130:[s130a] 1140:[s140a]], newGroups=map[140:[s140b]]
2024/02/28 03:08:39 kv-CreateNewConfig--lastConfig.Shards= [130 130 1130 1130 1130 130 130 1140 1140 1140]
2024/02/28 03:08:39 kv-CreateNewConfig--newConfig.Groups= map[130:[s130b] 140:[s140b] 1130:[s130a] 1140:[s140a]]
2024/02/28 03:08:39 kv-CreateNewConfig--newConfig.Shards= [140 140 140 1130 1130 130 130 140 1140 1140]
2024/02/28 03:08:39 kv-
2024/02/28 03:08:39 kv-RemoveGidServers-lastConfig.Groups= map[130:[s130b] 140:[s140b] 1130:[s130a] 1140:[s140a]], gids= [1140]
2024/02/28 03:08:39 kv-RemoveGidServers-lastConfig.Shards= [140 140 140 1130 1130 130 130 140 1140 1140]
2024/02/28 03:08:39 kv-RemoveGidServers-newConfig.Groups= map[130:[s130b] 140:[s140b] 1130:[s130a]]
2024/02/28 03:08:39 kv-RemoveGidServers-newConfig.Shards= [140 140 140 1130 1130 130 130 140 1130 130]
2024/02/28 03:08:39 kv-
2024/02/28 03:08:39 kv-
2024/02/28 03:08:39 kv-CreateNewConfig--lastConfig.Groups= map[130:[s130b] 140:[s140b]], newGroups=map[1170:[s170a]]
2024/02/28 03:08:39 kv-CreateNewConfig--lastConfig.Shards= [140 140 140 130 140 130 130 140 130 130]
2024/02/28 03:08:39 kv-CreateNewConfig--newConfig.Groups= map[130:[s130b] 140:[s140b] 1170:[s170a]]
2024/02/28 03:08:39 kv-CreateNewConfig--newConfig.Shards= [1170 140 140 1170 1170 1170 130 140 130 130]
2024/02/28 03:08:39 kv-
2024/02/28 03:08:39 kv-CreateNewConfig--lastConfig.Groups= map[130:[s130b] 140:[s140b] 1170:[s170a]], newGroups=map[1100:[s100a]]
2024/02/28 03:08:39 kv-CreateNewConfig--lastConfig.Shards= [1170 140 140 1170 1170 1170 130 140 130 130]
2024/02/28 03:08:39 kv-CreateNewConfig--newConfig.Groups= map[130:[s130b] 140:[s140b] 1100:[s100a] 1170:[s170a]]
2024/02/28 03:08:39 kv-CreateNewConfig--newConfig.Shards= [1100 1100 140 1100 1170 1170 1100 140 130 130]
2024/02/28 03:08:39 kv-
2024/02/28 03:08:39 kv-RemoveGidServers-lastConfig.Groups= map[130:[s130b] 140:[s140b] 1130:[s130a] 1140:[s140a]], gids= [1140]
2024/02/28 03:08:39 kv-
2024/02/28 03:08:39 kv-CreateNewConfig--lastConfig.Groups= map[130:[s130b] 140:[s140b] 1100:[s100a] 1170:[s170a]], newGroups=map[1150:[s150a]]
2024/02/28 03:08:39 kv-CreateNewConfig--lastConfig.Shards= [1100 1100 140 1100 1170 1170 1100 140 130 130]
2024/02/28 03:08:39 kv-CreateNewConfig--newConfig.Groups= map[130:[s130b] 140:[s140b] 1100:[s100a] 1150:[s150a] 1170:[s170a]]
2024/02/28 03:08:39 kv-CreateNewConfig--newConfig.Shards= [1150 1150 140 1100 1170 1170 1100 140 130 130]
2024/02/28 03:08:39 kv-RemoveGidServers-lastConfig.Shards= [140 140 140 1130 1130 130 130 140 1140 1140]
2024/02/28 03:08:39 kv-RemoveGidServers-newConfig.Groups= map[130:[s130b] 140:[s140b] 1130:[s130a]]
2024/02/28 03:08:39 kv-RemoveGidServers-newConfig.Shards= [140 140 140 1130 1130 130 130 140 1130 130]
2024/02/28 03:08:39 kv-
2024/02/28 03:08:39 kv-RemoveGidServers-lastConfig.Groups= map[130:[s130b] 140:[s140b] 1130:[s130a]], gids= [1130]
2024/02/28 03:08:39 kv-RemoveGidServers-lastConfig.Shards= [140 140 140 1130 1130 130 130 140 1130 130]
2024/02/28 03:08:39 kv-RemoveGidServers-newConfig.Groups= map[130:[s130b] 140:[s140b]]
2024/02/28 03:08:39 kv-RemoveGidServers-newConfig.Shards= [140 140 140 130 140 130 130 140 130 130]
2024/02/28 03:08:39 kv-RemoveGidServers-lastConfig.Groups= map[130:[s130b] 140:[s140b] 1130:[s130a]], gids= [1130]
2024/02/28 03:08:39 kv-RemoveGidServers-lastConfig.Shards= [140 140 140 1130 1130 130 130 140 1130 130]
2024/02/28 03:08:39 kv-RemoveGidServers-newConfig.Groups= map[130:[s130b] 140:[s140b]]
2024/02/28 03:08:39 kv-RemoveGidServers-newConfig.Shards= [140 140 140 130 140 130 130 140 130 130]
2024/02/28 03:08:39 kv-
2024/02/28 03:08:39 kv-CreateNewConfig--lastConfig.Groups= map[130:[s130b] 140:[s140b]], newGroups=map[1170:[s170a]]
2024/02/28 03:08:39 kv-CreateNewConfig--lastConfig.Shards= [140 140 140 130 140 130 130 140 130 130]
2024/02/28 03:08:39 kv-CreateNewConfig--newConfig.Groups= map[130:[s130b] 140:[s140b] 1170:[s170a]]
2024/02/28 03:08:39 kv-CreateNewConfig--newConfig.Shards= [1170 140 140 1170 1170 1170 130 140 130 130]
2024/02/28 03:08:39 kv-
2024/02/28 03:08:39 kv-CreateNewConfig--lastConfig.Groups= map[130:[s130b] 140:[s140b] 1170:[s170a]], newGroups=map[1100:[s100a]]
2024/02/28 03:08:39 kv-CreateNewConfig--lastConfig.Shards= [1170 140 140 1170 1170 1170 130 140 130 130]
2024/02/28 03:08:39 kv-CreateNewConfig--newConfig.Groups= map[130:[s130b] 140:[s140b] 1100:[s100a] 1170:[s170a]]
2024/02/28 03:08:39 kv-CreateNewConfig--newConfig.Shards= [1100 1100 140 1100 1170 1170 1100 140 130 130]
2024/02/28 03:08:39 kv-
2024/02/28 03:08:39 kv-CreateNewConfig--lastConfig.Groups= map[130:[s130b] 140:[s140b] 1100:[s100a] 1170:[s170a]], newGroups=map[1150:[s150a]]
2024/02/28 03:08:39 kv-CreateNewConfig--lastConfig.Shards= [1100 1100 140 1100 1170 1170 1100 140 130 130]
2024/02/28 03:08:39 kv-CreateNewConfig--newConfig.Groups= map[130:[s130b] 140:[s140b] 1100:[s100a] 1150:[s150a] 1170:[s170a]]
2024/02/28 03:08:39 kv-CreateNewConfig--newConfig.Shards= [1150 1150 140 1100 1170 1170 1100 140 130 130]
2024/02/28 03:08:39 kv-
2024/02/28 03:08:39 kv-CreateNewConfig--lastConfig.Groups= map[130:[s130b] 140:[s140b]], newGroups=map[1170:[s170a]]
2024/02/28 03:08:39 kv-CreateNewConfig--lastConfig.Shards= [140 140 140 130 140 130 130 140 130 130]
2024/02/28 03:08:39 kv-CreateNewConfig--newConfig.Groups= map[130:[s130b] 140:[s140b] 1170:[s170a]]
2024/02/28 03:08:39 kv-CreateNewConfig--newConfig.Shards= [1170 140 140 1170 1170 1170 130 140 130 130]
2024/02/28 03:08:39 kv-
2024/02/28 03:08:39 kv-CreateNewConfig--lastConfig.Groups= map[130:[s130b] 140:[s140b] 1170:[s170a]], newGroups=map[1100:[s100a]]
2024/02/28 03:08:39 kv-CreateNewConfig--lastConfig.Shards= [1170 140 140 1170 1170 1170 130 140 130 130]
2024/02/28 03:08:39 kv-CreateNewConfig--newConfig.Groups= map[130:[s130b] 140:[s140b] 1100:[s100a] 1170:[s170a]]
2024/02/28 03:08:39 kv-CreateNewConfig--newConfig.Shards= [1100 1100 140 1100 1170 1170 1100 140 130 130]
2024/02/28 03:08:39 kv-
2024/02/28 03:08:39 kv-CreateNewConfig--lastConfig.Groups= map[130:[s130b] 140:[s140b] 1100:[s100a] 1170:[s170a]], newGroups=map[1150:[s150a]]
2024/02/28 03:08:39 kv-CreateNewConfig--lastConfig.Shards= [1100 1100 140 1100 1170 1170 1100 140 130 130]
2024/02/28 03:08:39 kv-CreateNewConfig--newConfig.Groups= map[130:[s130b] 140:[s140b] 1100:[s100a] 1150:[s150a] 1170:[s170a]]
2024/02/28 03:08:39 kv-CreateNewConfig--newConfig.Shards= [1150 1150 140 1100 1170 1170 1100 140 130 130]
2024/02/28 03:08:39 kv-
2024/02/28 03:08:39 kv-CreateNewConfig--lastConfig.Groups= map[130:[s130b] 140:[s140b] 1100:[s100a] 1150:[s150a] 1170:[s170a]], newGroups=map[100:[s100b]]
2024/02/28 03:08:39 kv-CreateNewConfig--lastConfig.Shards= [1150 1150 140 1100 1170 1170 1100 140 130 130]
2024/02/28 03:08:39 kv-CreateNewConfig--newConfig.Groups= map[100:[s100b] 130:[s130b] 140:[s140b] 1100:[s100a] 1150:[s150a] 1170:[s170a]]
2024/02/28 03:08:39 kv-CreateNewConfig--newConfig.Shards= [100 1150 100 100 100 1170 1100 140 100 130]
2024/02/28 03:08:39 kv-
2024/02/28 03:08:39 kv-CreateNewConfig--lastConfig.Groups= map[100:[s100b] 130:[s130b] 140:[s140b] 1100:[s100a] 1150:[s150a] 1170:[s170a]], newGroups=map[170:[s170b]]
2024/02/28 03:08:39 kv-CreateNewConfig--lastConfig.Shards= [100 1150 100 100 100 1170 1100 140 100 130]
2024/02/28 03:08:39 kv-CreateNewConfig--newConfig.Groups= map[100:[s100b] 130:[s130b] 140:[s140b] 170:[s170b] 1100:[s100a] 1150:[s150a] 1170:[s170a]]
2024/02/28 03:08:39 kv-CreateNewConfig--newConfig.Shards= [170 1150 170 100 100 1170 1100 140 100 130]
2024/02/28 03:08:39 kv-
2024/02/28 03:08:39 kv-CreateNewConfig--lastConfig.Groups= map[100:[s100b] 130:[s130b] 140:[s140b] 170:[s170b] 1100:[s100a] 1150:[s150a] 1170:[s170a]], newGroups=map[150:[s150b]]
2024/02/28 03:08:39 kv-CreateNewConfig--lastConfig.Shards= [170 1150 170 100 100 1170 1100 140 100 130]
2024/02/28 03:08:39 kv-CreateNewConfig--newConfig.Groups= map[100:[s100b] 130:[s130b] 140:[s140b] 150:[s150b] 170:[s170b] 1100:[s100a] 1150:[s150a] 1170:[s170a]]
2024/02/28 03:08:39 kv-CreateNewConfig--newConfig.Shards= [170 1150 170 150 100 1170 1100 140 100 130]
2024/02/28 03:08:39 kv-
2024/02/28 03:08:39 kv-
2024/02/28 03:08:39 kv-
2024/02/28 03:08:39 kv-RemoveGidServers-lastConfig.Groups= map[100:[s100b] 130:[s130b] 140:[s140b] 150:[s150b] 170:[s170b] 1100:[s100a] 1150:[s150a] 1170:[s170a]], gids= [1100]
2024/02/28 03:08:39 kv-CreateNewConfig--lastConfig.Groups= map[130:[s130b] 140:[s140b] 1100:[s100a] 1150:[s150a] 1170:[s170a]], newGroups=map[100:[s100b]]
2024/02/28 03:08:39 kv-CreateNewConfig--lastConfig.Shards= [1150 1150 140 1100 1170 1170 1100 140 130 130]
2024/02/28 03:08:39 kv-CreateNewConfig--newConfig.Groups= map[100:[s100b] 130:[s130b] 140:[s140b] 1100:[s100a] 1150:[s150a] 1170:[s170a]]
2024/02/28 03:08:39 kv-CreateNewConfig--newConfig.Shards= [100 1150 100 100 100 1170 1100 140 100 130]
2024/02/28 03:08:39 kv-
2024/02/28 03:08:39 kv-CreateNewConfig--lastConfig.Groups= map[100:[s100b] 130:[s130b] 140:[s140b] 1100:[s100a] 1150:[s150a] 1170:[s170a]], newGroups=map[170:[s170b]]
2024/02/28 03:08:39 kv-CreateNewConfig--lastConfig.Shards= [100 1150 100 100 100 1170 1100 140 100 130]
2024/02/28 03:08:39 kv-CreateNewConfig--newConfig.Groups= map[100:[s100b] 130:[s130b] 140:[s140b] 170:[s170b] 1100:[s100a] 1150:[s150a] 1170:[s170a]]
2024/02/28 03:08:39 kv-CreateNewConfig--newConfig.Shards= [170 1150 170 100 100 1170 1100 140 100 130]
2024/02/28 03:08:39 kv-
2024/02/28 03:08:39 kv-CreateNewConfig--lastConfig.Groups= map[100:[s100b] 130:[s130b] 140:[s140b] 170:[s170b] 1100:[s100a] 1150:[s150a] 1170:[s170a]], newGroups=map[150:[s150b]]
2024/02/28 03:08:39 kv-CreateNewConfig--lastConfig.Shards= [170 1150 170 100 100 1170 1100 140 100 130]
2024/02/28 03:08:39 kv-CreateNewConfig--newConfig.Groups= map[100:[s100b] 130:[s130b] 140:[s140b] 150:[s150b] 170:[s170b] 1100:[s100a] 1150:[s150a] 1170:[s170a]]
2024/02/28 03:08:39 kv-CreateNewConfig--newConfig.Shards= [170 1150 170 150 100 1170 1100 140 100 130]
2024/02/28 03:08:39 kv-RemoveGidServers-lastConfig.Shards= [170 1150 170 150 100 1170 1100 140 100 130]
2024/02/28 03:08:39 kv-RemoveGidServers-newConfig.Groups= map[100:[s100b] 130:[s130b] 140:[s140b] 150:[s150b] 170:[s170b] 1150:[s150a] 1170:[s170a]]
2024/02/28 03:08:39 kv-RemoveGidServers-newConfig.Shards= [170 1150 170 150 100 1170 150 140 100 130]
2024/02/28 03:08:39 kv-
2024/02/28 03:08:39 kv-CreateNewConfig--lastConfig.Groups= map[130:[s130b] 140:[s140b] 1100:[s100a] 1150:[s150a] 1170:[s170a]], newGroups=map[100:[s100b]]
2024/02/28 03:08:39 kv-CreateNewConfig--lastConfig.Shards= [1150 1150 140 1100 1170 1170 1100 140 130 130]
2024/02/28 03:08:39 kv-CreateNewConfig--newConfig.Groups= map[100:[s100b] 130:[s130b] 140:[s140b] 1100:[s100a] 1150:[s150a] 1170:[s170a]]
2024/02/28 03:08:39 kv-CreateNewConfig--newConfig.Shards= [100 1150 100 100 100 1170 1100 140 100 130]
2024/02/28 03:08:39 kv-RemoveGidServers-lastConfig.Groups= map[100:[s100b] 130:[s130b] 140:[s140b] 150:[s150b] 170:[s170b] 1150:[s150a] 1170:[s170a]], gids= [1150]
2024/02/28 03:08:39 kv-RemoveGidServers-lastConfig.Shards= [170 1150 170 150 100 1170 150 140 100 130]
2024/02/28 03:08:39 kv-RemoveGidServers-newConfig.Groups= map[100:[s100b] 130:[s130b] 140:[s140b] 150:[s150b] 170:[s170b] 1170:[s170a]]
2024/02/28 03:08:39 kv-RemoveGidServers-newConfig.Shards= [170 1170 170 150 100 1170 150 140 100 130]
2024/02/28 03:08:39 kv-
2024/02/28 03:08:39 kv-CreateNewConfig--lastConfig.Groups= map[100:[s100b] 130:[s130b] 140:[s140b] 1100:[s100a] 1150:[s150a] 1170:[s170a]], newGroups=map[170:[s170b]]
2024/02/28 03:08:39 kv-
2024/02/28 03:08:39 kv-RemoveGidServers-lastConfig.Groups= map[100:[s100b] 130:[s130b] 140:[s140b] 150:[s150b] 170:[s170b] 1170:[s170a]], gids= [1170]
2024/02/28 03:08:39 kv-RemoveGidServers-lastConfig.Shards= [170 1170 170 150 100 1170 150 140 100 130]
2024/02/28 03:08:39 kv-RemoveGidServers-newConfig.Groups= map[100:[s100b] 130:[s130b] 140:[s140b] 150:[s150b] 170:[s170b]]
2024/02/28 03:08:39 kv-RemoveGidServers-newConfig.Shards= [170 140 170 150 100 130 150 140 100 130]
2024/02/28 03:08:39 kv-CreateNewConfig--lastConfig.Shards= [100 1150 100 100 100 1170 1100 140 100 130]
2024/02/28 03:08:39 kv-CreateNewConfig--newConfig.Groups= map[100:[s100b] 130:[s130b] 140:[s140b] 170:[s170b] 1100:[s100a] 1150:[s150a] 1170:[s170a]]
2024/02/28 03:08:39 kv-CreateNewConfig--newConfig.Shards= [170 1150 170 100 100 1170 1100 140 100 130]
2024/02/28 03:08:39 kv-
2024/02/28 03:08:39 kv-CreateNewConfig--lastConfig.Groups= map[100:[s100b] 130:[s130b] 140:[s140b] 170:[s170b] 1100:[s100a] 1150:[s150a] 1170:[s170a]], newGroups=map[150:[s150b]]
2024/02/28 03:08:39 kv-CreateNewConfig--lastConfig.Shards= [170 1150 170 100 100 1170 1100 140 100 130]
2024/02/28 03:08:39 kv-CreateNewConfig--newConfig.Groups= map[100:[s100b] 130:[s130b] 140:[s140b] 150:[s150b] 170:[s170b] 1100:[s100a] 1150:[s150a] 1170:[s170a]]
2024/02/28 03:08:39 kv-CreateNewConfig--newConfig.Shards= [170 1150 170 150 100 1170 1100 140 100 130]
2024/02/28 03:08:40 kv-
2024/02/28 03:08:40 kv-RemoveGidServers-lastConfig.Groups= map[100:[s100b] 130:[s130b] 140:[s140b] 150:[s150b] 170:[s170b] 1100:[s100a] 1150:[s150a] 1170:[s170a]], gids= [1100]
2024/02/28 03:08:40 kv-
2024/02/28 03:08:40 kv-RemoveGidServers-lastConfig.Groups= map[100:[s100b] 130:[s130b] 140:[s140b] 150:[s150b] 170:[s170b] 1100:[s100a] 1150:[s150a] 1170:[s170a]], gids= [1100]
2024/02/28 03:08:40 kv-RemoveGidServers-lastConfig.Shards= [170 1150 170 150 100 1170 1100 140 100 130]
2024/02/28 03:08:40 kv-RemoveGidServers-newConfig.Groups= map[100:[s100b] 130:[s130b] 140:[s140b] 150:[s150b] 170:[s170b] 1150:[s150a] 1170:[s170a]]
2024/02/28 03:08:40 kv-RemoveGidServers-newConfig.Shards= [170 1150 170 150 100 1170 1170 140 100 130]
2024/02/28 03:08:40 kv-
2024/02/28 03:08:40 kv-RemoveGidServers-lastConfig.Groups= map[100:[s100b] 130:[s130b] 140:[s140b] 150:[s150b] 170:[s170b] 1150:[s150a] 1170:[s170a]], gids= [1150]
2024/02/28 03:08:40 kv-RemoveGidServers-lastConfig.Shards= [170 1150 170 150 100 1170 1170 140 100 130]
2024/02/28 03:08:40 kv-RemoveGidServers-lastConfig.Shards= [170 1150 170 150 100 1170 1100 140 100 130]
2024/02/28 03:08:40 kv-RemoveGidServers-newConfig.Groups= map[100:[s100b] 130:[s130b] 140:[s140b] 150:[s150b] 170:[s170b] 1150:[s150a] 1170:[s170a]]
2024/02/28 03:08:40 kv-RemoveGidServers-newConfig.Shards= [170 1150 170 150 100 1170 1170 140 100 130]
2024/02/28 03:08:40 kv-
2024/02/28 03:08:40 kv-RemoveGidServers-lastConfig.Groups= map[100:[s100b] 130:[s130b] 140:[s140b] 150:[s150b] 170:[s170b] 1150:[s150a] 1170:[s170a]], gids= [1150]
2024/02/28 03:08:40 kv-RemoveGidServers-lastConfig.Shards= [170 1150 170 150 100 1170 1170 140 100 130]
2024/02/28 03:08:40 kv-RemoveGidServers-newConfig.Groups= map[100:[s100b] 130:[s130b] 140:[s140b] 150:[s150b] 170:[s170b] 1170:[s170a]]
2024/02/28 03:08:40 kv-RemoveGidServers-newConfig.Shards= [170 150 170 150 100 1170 1170 140 100 130]
2024/02/28 03:08:40 kv-
2024/02/28 03:08:40 kv-
2024/02/28 03:08:40 kv-CreateNewConfig--lastConfig.Groups= map[100:[s100b] 130:[s130b] 140:[s140b] 150:[s150b] 170:[s170b]], newGroups=map[1120:[s120a]]
2024/02/28 03:08:40 kv-CreateNewConfig--lastConfig.Shards= [170 140 170 150 100 130 150 140 100 130]
2024/02/28 03:08:40 kv-CreateNewConfig--newConfig.Groups= map[100:[s100b] 130:[s130b] 140:[s140b] 150:[s150b] 170:[s170b] 1120:[s120a]]
2024/02/28 03:08:40 kv-CreateNewConfig--newConfig.Shards= [1120 1120 170 1120 1120 1120 150 140 100 130]
2024/02/28 03:08:40 kv-RemoveGidServers-newConfig.Groups= map[100:[s100b] 130:[s130b] 140:[s140b] 150:[s150b] 170:[s170b] 1170:[s170a]]
2024/02/28 03:08:40 kv-
2024/02/28 03:08:40 kv-RemoveGidServers-lastConfig.Groups= map[100:[s100b] 130:[s130b] 140:[s140b] 150:[s150b] 170:[s170b] 1170:[s170a]], gids= [1170]
2024/02/28 03:08:40 kv-RemoveGidServers-lastConfig.Shards= [170 150 170 150 100 1170 1170 140 100 130]
2024/02/28 03:08:40 kv-RemoveGidServers-newConfig.Groups= map[100:[s100b] 130:[s130b] 140:[s140b] 150:[s150b] 170:[s170b]]
2024/02/28 03:08:40 kv-CreateNewConfig--lastConfig.Groups= map[100:[s100b] 130:[s130b] 140:[s140b] 150:[s150b] 170:[s170b] 1120:[s120a]], newGroups=map[1180:[s180a]]
2024/02/28 03:08:40 kv-CreateNewConfig--lastConfig.Shards= [1120 1120 170 1120 1120 1120 150 140 100 130]
2024/02/28 03:08:40 kv-CreateNewConfig--newConfig.Groups= map[100:[s100b] 130:[s130b] 140:[s140b] 150:[s150b] 170:[s170b] 1120:[s120a] 1180:[s180a]]
2024/02/28 03:08:40 kv-CreateNewConfig--newConfig.Shards= [1180 1180 170 1120 1120 1120 150 140 100 130]
2024/02/28 03:08:40 kv-
2024/02/28 03:08:40 kv-CreateNewConfig--lastConfig.Groups= map[100:[s100b] 130:[s130b] 140:[s140b] 150:[s150b] 170:[s170b] 1120:[s120a] 1180:[s180a]], newGroups=map[1110:[s110a]]
2024/02/28 03:08:40 kv-CreateNewConfig--lastConfig.Shards= [1180 1180 170 1120 1120 1120 150 140 100 130]
2024/02/28 03:08:40 kv-CreateNewConfig--newConfig.Groups= map[100:[s100b] 130:[s130b] 140:[s140b] 150:[s150b] 170:[s170b] 1110:[s110a] 1120:[s120a] 1180:[s180a]]
2024/02/28 03:08:40 kv-CreateNewConfig--newConfig.Shards= [1180 1180 170 1110 1120 1120 150 140 100 130]
2024/02/28 03:08:40 kv-RemoveGidServers-newConfig.Shards= [170 140 170 150 100 1170 1170 140 100 130]
2024/02/28 03:08:40 kv-RemoveGidServers-newConfig.Shards= [170 150 170 150 100 140 130 140 100 130]
2024/02/28 03:08:40 kv-
2024/02/28 03:08:40 kv-RemoveGidServers-lastConfig.Groups= map[100:[s100b] 130:[s130b] 140:[s140b] 150:[s150b] 170:[s170b] 1170:[s170a]], gids= [1170]
2024/02/28 03:08:40 kv-RemoveGidServers-lastConfig.Shards= [170 140 170 150 100 1170 1170 140 100 130]
2024/02/28 03:08:40 kv-RemoveGidServers-newConfig.Groups= map[100:[s100b] 130:[s130b] 140:[s140b] 150:[s150b] 170:[s170b]]
2024/02/28 03:08:40 kv-RemoveGidServers-newConfig.Shards= [170 140 170 150 100 150 130 140 100 130]
2024/02/28 03:08:40 kv-
2024/02/28 03:08:40 kv-CreateNewConfig--lastConfig.Groups= map[100:[s100b] 130:[s130b] 140:[s140b] 150:[s150b] 170:[s170b] 1110:[s110a] 1120:[s120a] 1180:[s180a]], newGroups=map[1160:[s160a]]
2024/02/28 03:08:40 kv-CreateNewConfig--lastConfig.Shards= [1180 1180 170 1110 1120 1120 150 140 100 130]
2024/02/28 03:08:40 kv-CreateNewConfig--newConfig.Groups= map[100:[s100b] 130:[s130b] 140:[s140b] 150:[s150b] 170:[s170b] 1110:[s110a] 1120:[s120a] 1160:[s160a] 1180:[s180a]]
2024/02/28 03:08:40 kv-CreateNewConfig--newConfig.Shards= [1160 1180 170 1110 1160 1120 150 140 100 130]
2024/02/28 03:08:40 kv-
2024/02/28 03:08:40 kv-CreateNewConfig--lastConfig.Groups= map[100:[s100b] 130:[s130b] 140:[s140b] 150:[s150b] 170:[s170b] 1110:[s110a] 1120:[s120a] 1160:[s160a] 1180:[s180a]], newGroups=map[1190:[s190a]]
2024/02/28 03:08:40 kv-CreateNewConfig--lastConfig.Shards= [1160 1180 170 1110 1160 1120 150 140 100 130]
2024/02/28 03:08:40 kv-CreateNewConfig--newConfig.Groups= map[100:[s100b] 130:[s130b] 140:[s140b] 150:[s150b] 170:[s170b] 1110:[s110a] 1120:[s120a] 1160:[s160a] 1180:[s180a] 1190:[s190a]]
2024/02/28 03:08:40 kv-CreateNewConfig--newConfig.Shards= [1190 1180 170 1110 1160 1120 150 140 100 130]
2024/02/28 03:08:40 kv-
2024/02/28 03:08:40 kv-CreateNewConfig--lastConfig.Groups= map[100:[s100b] 130:[s130b] 140:[s140b] 150:[s150b] 170:[s170b]], newGroups=map[1120:[s120a]]
2024/02/28 03:08:40 kv-CreateNewConfig--lastConfig.Shards= [170 140 170 150 100 150 130 140 100 130]
2024/02/28 03:08:40 kv-CreateNewConfig--newConfig.Groups= map[100:[s100b] 130:[s130b] 140:[s140b] 150:[s150b] 170:[s170b] 1120:[s120a]]
2024/02/28 03:08:40 kv-CreateNewConfig--newConfig.Shards= [1120 1120 170 1120 1120 150 1120 140 100 130]
2024/02/28 03:08:40 kv-
2024/02/28 03:08:40 kv-CreateNewConfig--lastConfig.Groups= map[100:[s100b] 130:[s130b] 140:[s140b] 150:[s150b] 170:[s170b] 1120:[s120a]], newGroups=map[1180:[s180a]]
2024/02/28 03:08:40 kv-CreateNewConfig--lastConfig.Shards= [1120 1120 170 1120 1120 150 1120 140 100 130]
2024/02/28 03:08:40 kv-CreateNewConfig--newConfig.Groups= map[100:[s100b] 130:[s130b] 140:[s140b] 150:[s150b] 170:[s170b] 1120:[s120a] 1180:[s180a]]
2024/02/28 03:08:40 kv-CreateNewConfig--newConfig.Shards= [1180 1180 170 1120 1120 150 1120 140 100 130]
2024/02/28 03:08:40 kv-
2024/02/28 03:08:40 kv-CreateNewConfig--lastConfig.Groups= map[100:[s100b] 130:[s130b] 140:[s140b] 150:[s150b] 170:[s170b] 1120:[s120a] 1180:[s180a]], newGroups=map[1110:[s110a]]
2024/02/28 03:08:40 kv-CreateNewConfig--lastConfig.Shards= [1180 1180 170 1120 1120 150 1120 140 100 130]
2024/02/28 03:08:40 kv-CreateNewConfig--newConfig.Groups= map[100:[s100b] 130:[s130b] 140:[s140b] 150:[s150b] 170:[s170b] 1110:[s110a] 1120:[s120a] 1180:[s180a]]
2024/02/28 03:08:40 kv-CreateNewConfig--newConfig.Shards= [1180 1180 170 1110 1120 150 1120 140 100 130]
2024/02/28 03:08:40 kv-
2024/02/28 03:08:40 kv-CreateNewConfig--lastConfig.Groups= map[100:[s100b] 130:[s130b] 140:[s140b] 150:[s150b] 170:[s170b] 1110:[s110a] 1120:[s120a] 1180:[s180a]], newGroups=map[1160:[s160a]]
2024/02/28 03:08:40 kv-CreateNewConfig--lastConfig.Shards= [1180 1180 170 1110 1120 150 1120 140 100 130]
2024/02/28 03:08:40 kv-CreateNewConfig--newConfig.Groups= map[100:[s100b] 130:[s130b] 140:[s140b] 150:[s150b] 170:[s170b] 1110:[s110a] 1120:[s120a] 1160:[s160a] 1180:[s180a]]
2024/02/28 03:08:40 kv-CreateNewConfig--newConfig.Shards= [1160 1180 170 1110 1160 150 1120 140 100 130]
2024/02/28 03:08:40 kv-
2024/02/28 03:08:40 kv-CreateNewConfig--lastConfig.Groups= map[100:[s100b] 130:[s130b] 140:[s140b] 150:[s150b] 170:[s170b] 1110:[s110a] 1120:[s120a] 1160:[s160a] 1180:[s180a]], newGroups=map[1190:[s190a]]
2024/02/28 03:08:40 kv-CreateNewConfig--lastConfig.Shards= [1160 1180 170 1110 1160 150 1120 140 100 130]
2024/02/28 03:08:40 kv-CreateNewConfig--newConfig.Groups= map[100:[s100b] 130:[s130b] 140:[s140b] 150:[s150b] 170:[s170b] 1110:[s110a] 1120:[s120a] 1160:[s160a] 1180:[s180a] 1190:[s190a]]
2024/02/28 03:08:40 kv-CreateNewConfig--newConfig.Shards= [1190 1180 170 1110 1160 150 1120 140 100 130]
2024/02/28 03:08:40 kv-
2024/02/28 03:08:40 kv-CreateNewConfig--lastConfig.Groups= map[100:[s100b] 130:[s130b] 140:[s140b] 150:[s150b] 170:[s170b] 1110:[s110a] 1120:[s120a] 1160:[s160a] 1180:[s180a] 1190:[s190a]], newGroups=map[110:[s110b]]
2024/02/28 03:08:40 kv-CreateNewConfig--lastConfig.Shards= [1190 1180 170 1110 1160 1120 150 140 100 130]
2024/02/28 03:08:40 kv-CreateNewConfig--newConfig.Groups= map[100:[s100b] 110:[s110b] 130:[s130b] 140:[s140b] 150:[s150b] 170:[s170b] 1110:[s110a] 1120:[s120a] 1160:[s160a] 1180:[s180a] 1190:[s190a]]
2024/02/28 03:08:40 kv-CreateNewConfig--newConfig.Shards= [1190 1180 170 1110 1160 1120 150 140 100 130]
2024/02/28 03:08:40 kv-missing gid= 110
2024/02/28 03:08:40 kv-
2024/02/28 03:08:40 kv-CreateNewConfig--lastConfig.Groups= map[100:[s100b] 130:[s130b] 140:[s140b] 150:[s150b] 170:[s170b]], newGroups=map[1120:[s120a]]
panic: error

goroutine 242 [running]:
6.5840/shardctrler.CreateNewConfig({0xc00065c000?, 0xc000000010?, 0xc0000151c0?}, 0xc00048a208?)
	/home/xwd/Course/MIT65840/6.5840/src/shardctrler/util.go:156 +0x97f
6.5840/shardctrler.(*ShardCtrler).ConfigExecute(0xc0001a3270, 0x0?)
	/home/xwd/Course/MIT65840/6.5840/src/shardctrler/server.go:69 +0x205
6.5840/shardctrler.(*ShardCtrler).ApplyHandler(0xc0001a3270)
	/home/xwd/Course/MIT65840/6.5840/src/shardctrler/server.go:237 +0x45b
created by 6.5840/shardctrler.StartServer
	/home/xwd/Course/MIT65840/6.5840/src/shardctrler/server.go:287 +0x216
exit status 2
FAIL	6.5840/shardctrler	2.614s
